2015-08-21T04:18:49+00:00 ERR (3): 
exception 'Mage_Core_Exception' with message 'Invalid block type: Mage_Megamenupro_Block_Megamenupro' in D:\newxampp\htdocs\galayomarket\app\Mage.php:595
Stack trace:
#0 D:\newxampp\htdocs\galayomarket\app\code\core\Mage\Core\Model\Layout.php(495): Mage::throwException('Invalid block t...')
#1 D:\newxampp\htdocs\galayomarket\app\code\core\Mage\Core\Model\Layout.php(437): Mage_Core_Model_Layout->_getBlockInstance('megamenupro/meg...', Array)
#2 D:\newxampp\htdocs\galayomarket\app\code\core\Mage\Core\Model\Layout.php(472): Mage_Core_Model_Layout->createBlock('megamenupro/meg...', 'f85079af84623e2...')
#3 D:\newxampp\htdocs\galayomarket\app\code\core\Mage\Core\Model\Layout.php(239): Mage_Core_Model_Layout->addBlock('megamenupro/meg...', 'f85079af84623e2...')
#4 D:\newxampp\htdocs\galayomarket\app\code\core\Mage\Core\Model\Layout.php(205): Mage_Core_Model_Layout->_generateBlock(Object(Mage_Core_Model_Layout_Element), Object(Mage_Core_Model_Layout_Element))
#5 D:\newxampp\htdocs\galayomarket\app\code\core\Mage\Core\Model\Layout.php(210): Mage_Core_Model_Layout->generateBlocks(Object(Mage_Core_Model_Layout_Element))
#6 D:\newxampp\htdocs\galayomarket\app\code\core\Mage\Core\Controller\Varien\Action.php(344): Mage_Core_Model_Layout->generateBlocks()
#7 D:\newxampp\htdocs\galayomarket\app\code\core\Mage\Cms\Helper\Page.php(113): Mage_Core_Controller_Varien_Action->generateLayoutBlocks()
#8 D:\newxampp\htdocs\galayomarket\app\code\core\Mage\Cms\Helper\Page.php(52): Mage_Cms_Helper_Page->_renderPage(Object(Mage_Cms_IndexController), 'galayomarket_ho...')
#9 D:\newxampp\htdocs\galayomarket\app\code\core\Mage\Cms\controllers\IndexController.php(45): Mage_Cms_Helper_Page->renderPage(Object(Mage_Cms_IndexController), 'galayomarket_ho...')
#10 D:\newxampp\htdocs\galayomarket\app\code\core\Mage\Core\Controller\Varien\Action.php(418): Mage_Cms_IndexController->indexAction()
#11 D:\newxampp\htdocs\galayomarket\app\code\core\Mage\Core\Controller\Varien\Router\Standard.php(250): Mage_Core_Controller_Varien_Action->dispatch('index')
#12 D:\newxampp\htdocs\galayomarket\app\code\core\Mage\Core\Controller\Varien\Front.php(172): Mage_Core_Controller_Varien_Router_Standard->match(Object(Mage_Core_Controller_Request_Http))
#13 D:\newxampp\htdocs\galayomarket\app\code\core\Mage\Core\Model\App.php(354): Mage_Core_Controller_Varien_Front->dispatch()
#14 D:\newxampp\htdocs\galayomarket\app\Mage.php(684): Mage_Core_Model_App->run(Array)
#15 D:\newxampp\htdocs\galayomarket\index.php(87): Mage::run('', 'store')
#16 {main}
2015-08-21T04:21:17+00:00 ERR (3): 
exception 'Mage_Core_Exception' with message 'Invalid block type: Mage_Megamenupro_Block_Megamenupro' in D:\newxampp\htdocs\galayomarket\app\Mage.php:595
Stack trace:
#0 D:\newxampp\htdocs\galayomarket\app\code\core\Mage\Core\Model\Layout.php(495): Mage::throwException('Invalid block t...')
#1 D:\newxampp\htdocs\galayomarket\app\code\core\Mage\Core\Model\Layout.php(437): Mage_Core_Model_Layout->_getBlockInstance('megamenupro/meg...', Array)
#2 D:\newxampp\htdocs\galayomarket\app\code\core\Mage\Core\Model\Layout.php(472): Mage_Core_Model_Layout->createBlock('megamenupro/meg...', 'f85079af84623e2...')
#3 D:\newxampp\htdocs\galayomarket\app\code\core\Mage\Core\Model\Layout.php(239): Mage_Core_Model_Layout->addBlock('megamenupro/meg...', 'f85079af84623e2...')
#4 D:\newxampp\htdocs\galayomarket\app\code\core\Mage\Core\Model\Layout.php(205): Mage_Core_Model_Layout->_generateBlock(Object(Mage_Core_Model_Layout_Element), Object(Mage_Core_Model_Layout_Element))
#5 D:\newxampp\htdocs\galayomarket\app\code\core\Mage\Core\Model\Layout.php(210): Mage_Core_Model_Layout->generateBlocks(Object(Mage_Core_Model_Layout_Element))
#6 D:\newxampp\htdocs\galayomarket\app\code\core\Mage\Core\Controller\Varien\Action.php(344): Mage_Core_Model_Layout->generateBlocks()
#7 D:\newxampp\htdocs\galayomarket\app\code\core\Mage\Cms\Helper\Page.php(113): Mage_Core_Controller_Varien_Action->generateLayoutBlocks()
#8 D:\newxampp\htdocs\galayomarket\app\code\core\Mage\Cms\Helper\Page.php(52): Mage_Cms_Helper_Page->_renderPage(Object(Mage_Cms_IndexController), 'galayomarket_ho...')
#9 D:\newxampp\htdocs\galayomarket\app\code\core\Mage\Cms\controllers\IndexController.php(45): Mage_Cms_Helper_Page->renderPage(Object(Mage_Cms_IndexController), 'galayomarket_ho...')
#10 D:\newxampp\htdocs\galayomarket\app\code\core\Mage\Core\Controller\Varien\Action.php(418): Mage_Cms_IndexController->indexAction()
#11 D:\newxampp\htdocs\galayomarket\app\code\core\Mage\Core\Controller\Varien\Router\Standard.php(250): Mage_Core_Controller_Varien_Action->dispatch('index')
#12 D:\newxampp\htdocs\galayomarket\app\code\core\Mage\Core\Controller\Varien\Front.php(172): Mage_Core_Controller_Varien_Router_Standard->match(Object(Mage_Core_Controller_Request_Http))
#13 D:\newxampp\htdocs\galayomarket\app\code\core\Mage\Core\Model\App.php(354): Mage_Core_Controller_Varien_Front->dispatch()
#14 D:\newxampp\htdocs\galayomarket\app\Mage.php(684): Mage_Core_Model_App->run(Array)
#15 D:\newxampp\htdocs\galayomarket\index.php(87): Mage::run('', 'store')
#16 {main}
2015-08-21T04:22:09+00:00 ERR (3): 
exception 'Mage_Core_Exception' with message 'Invalid block type: Mage_Megamenupro_Block_Megamenupro' in D:\newxampp\htdocs\galayomarket\app\Mage.php:595
Stack trace:
#0 D:\newxampp\htdocs\galayomarket\app\code\core\Mage\Core\Model\Layout.php(495): Mage::throwException('Invalid block t...')
#1 D:\newxampp\htdocs\galayomarket\app\code\core\Mage\Core\Model\Layout.php(437): Mage_Core_Model_Layout->_getBlockInstance('megamenupro/meg...', Array)
#2 D:\newxampp\htdocs\galayomarket\app\code\core\Mage\Core\Model\Layout.php(472): Mage_Core_Model_Layout->createBlock('megamenupro/meg...', 'f85079af84623e2...')
#3 D:\newxampp\htdocs\galayomarket\app\code\core\Mage\Core\Model\Layout.php(239): Mage_Core_Model_Layout->addBlock('megamenupro/meg...', 'f85079af84623e2...')
#4 D:\newxampp\htdocs\galayomarket\app\code\core\Mage\Core\Model\Layout.php(205): Mage_Core_Model_Layout->_generateBlock(Object(Mage_Core_Model_Layout_Element), Object(Mage_Core_Model_Layout_Element))
#5 D:\newxampp\htdocs\galayomarket\app\code\core\Mage\Core\Model\Layout.php(210): Mage_Core_Model_Layout->generateBlocks(Object(Mage_Core_Model_Layout_Element))
#6 D:\newxampp\htdocs\galayomarket\app\code\core\Mage\Core\Controller\Varien\Action.php(344): Mage_Core_Model_Layout->generateBlocks()
#7 D:\newxampp\htdocs\galayomarket\app\code\core\Mage\Cms\Helper\Page.php(113): Mage_Core_Controller_Varien_Action->generateLayoutBlocks()
#8 D:\newxampp\htdocs\galayomarket\app\code\core\Mage\Cms\Helper\Page.php(52): Mage_Cms_Helper_Page->_renderPage(Object(Mage_Cms_IndexController), 'galayomarket_ho...')
#9 D:\newxampp\htdocs\galayomarket\app\code\core\Mage\Cms\controllers\IndexController.php(45): Mage_Cms_Helper_Page->renderPage(Object(Mage_Cms_IndexController), 'galayomarket_ho...')
#10 D:\newxampp\htdocs\galayomarket\app\code\core\Mage\Core\Controller\Varien\Action.php(418): Mage_Cms_IndexController->indexAction()
#11 D:\newxampp\htdocs\galayomarket\app\code\core\Mage\Core\Controller\Varien\Router\Standard.php(250): Mage_Core_Controller_Varien_Action->dispatch('index')
#12 D:\newxampp\htdocs\galayomarket\app\code\core\Mage\Core\Controller\Varien\Front.php(172): Mage_Core_Controller_Varien_Router_Standard->match(Object(Mage_Core_Controller_Request_Http))
#13 D:\newxampp\htdocs\galayomarket\app\code\core\Mage\Core\Model\App.php(354): Mage_Core_Controller_Varien_Front->dispatch()
#14 D:\newxampp\htdocs\galayomarket\app\Mage.php(684): Mage_Core_Model_App->run(Array)
#15 D:\newxampp\htdocs\galayomarket\index.php(87): Mage::run('', 'store')
#16 {main}
2015-08-21T04:24:54+00:00 ERR (3): 
exception 'Mage_Core_Exception' with message 'Invalid block type: Mage_Megamenupro_Block_Megamenupro' in D:\newxampp\htdocs\galayomarket\app\Mage.php:595
Stack trace:
#0 D:\newxampp\htdocs\galayomarket\app\code\core\Mage\Core\Model\Layout.php(495): Mage::throwException('Invalid block t...')
#1 D:\newxampp\htdocs\galayomarket\app\code\core\Mage\Core\Model\Layout.php(437): Mage_Core_Model_Layout->_getBlockInstance('megamenupro/meg...', Array)
#2 D:\newxampp\htdocs\galayomarket\app\code\core\Mage\Core\Model\Layout.php(472): Mage_Core_Model_Layout->createBlock('megamenupro/meg...', 'f85079af84623e2...')
#3 D:\newxampp\htdocs\galayomarket\app\code\core\Mage\Core\Model\Layout.php(239): Mage_Core_Model_Layout->addBlock('megamenupro/meg...', 'f85079af84623e2...')
#4 D:\newxampp\htdocs\galayomarket\app\code\core\Mage\Core\Model\Layout.php(205): Mage_Core_Model_Layout->_generateBlock(Object(Mage_Core_Model_Layout_Element), Object(Mage_Core_Model_Layout_Element))
#5 D:\newxampp\htdocs\galayomarket\app\code\core\Mage\Core\Model\Layout.php(210): Mage_Core_Model_Layout->generateBlocks(Object(Mage_Core_Model_Layout_Element))
#6 D:\newxampp\htdocs\galayomarket\app\code\core\Mage\Core\Controller\Varien\Action.php(344): Mage_Core_Model_Layout->generateBlocks()
#7 D:\newxampp\htdocs\galayomarket\app\code\core\Mage\Cms\Helper\Page.php(113): Mage_Core_Controller_Varien_Action->generateLayoutBlocks()
#8 D:\newxampp\htdocs\galayomarket\app\code\core\Mage\Cms\Helper\Page.php(52): Mage_Cms_Helper_Page->_renderPage(Object(Mage_Cms_IndexController), 'galayomarket_ho...')
#9 D:\newxampp\htdocs\galayomarket\app\code\core\Mage\Cms\controllers\IndexController.php(45): Mage_Cms_Helper_Page->renderPage(Object(Mage_Cms_IndexController), 'galayomarket_ho...')
#10 D:\newxampp\htdocs\galayomarket\app\code\core\Mage\Core\Controller\Varien\Action.php(418): Mage_Cms_IndexController->indexAction()
#11 D:\newxampp\htdocs\galayomarket\app\code\core\Mage\Core\Controller\Varien\Router\Standard.php(250): Mage_Core_Controller_Varien_Action->dispatch('index')
#12 D:\newxampp\htdocs\galayomarket\app\code\core\Mage\Core\Controller\Varien\Front.php(172): Mage_Core_Controller_Varien_Router_Standard->match(Object(Mage_Core_Controller_Request_Http))
#13 D:\newxampp\htdocs\galayomarket\app\code\core\Mage\Core\Model\App.php(354): Mage_Core_Controller_Varien_Front->dispatch()
#14 D:\newxampp\htdocs\galayomarket\app\Mage.php(684): Mage_Core_Model_App->run(Array)
#15 D:\newxampp\htdocs\galayomarket\index.php(87): Mage::run('', 'store')
#16 {main}
2015-08-21T04:25:01+00:00 ERR (3): 
exception 'Mage_Core_Exception' with message 'Invalid block type: Mage_Megamenupro_Block_Megamenupro' in D:\newxampp\htdocs\galayomarket\app\Mage.php:595
Stack trace:
#0 D:\newxampp\htdocs\galayomarket\app\code\core\Mage\Core\Model\Layout.php(495): Mage::throwException('Invalid block t...')
#1 D:\newxampp\htdocs\galayomarket\app\code\core\Mage\Core\Model\Layout.php(437): Mage_Core_Model_Layout->_getBlockInstance('megamenupro/meg...', Array)
#2 D:\newxampp\htdocs\galayomarket\app\code\core\Mage\Core\Model\Layout.php(472): Mage_Core_Model_Layout->createBlock('megamenupro/meg...', 'f85079af84623e2...')
#3 D:\newxampp\htdocs\galayomarket\app\code\core\Mage\Core\Model\Layout.php(239): Mage_Core_Model_Layout->addBlock('megamenupro/meg...', 'f85079af84623e2...')
#4 D:\newxampp\htdocs\galayomarket\app\code\core\Mage\Core\Model\Layout.php(205): Mage_Core_Model_Layout->_generateBlock(Object(Mage_Core_Model_Layout_Element), Object(Mage_Core_Model_Layout_Element))
#5 D:\newxampp\htdocs\galayomarket\app\code\core\Mage\Core\Model\Layout.php(210): Mage_Core_Model_Layout->generateBlocks(Object(Mage_Core_Model_Layout_Element))
#6 D:\newxampp\htdocs\galayomarket\app\code\core\Mage\Core\Controller\Varien\Action.php(344): Mage_Core_Model_Layout->generateBlocks()
#7 D:\newxampp\htdocs\galayomarket\app\code\core\Mage\Cms\Helper\Page.php(113): Mage_Core_Controller_Varien_Action->generateLayoutBlocks()
#8 D:\newxampp\htdocs\galayomarket\app\code\core\Mage\Cms\Helper\Page.php(52): Mage_Cms_Helper_Page->_renderPage(Object(Mage_Cms_IndexController), 'galayomarket_ho...')
#9 D:\newxampp\htdocs\galayomarket\app\code\core\Mage\Cms\controllers\IndexController.php(45): Mage_Cms_Helper_Page->renderPage(Object(Mage_Cms_IndexController), 'galayomarket_ho...')
#10 D:\newxampp\htdocs\galayomarket\app\code\core\Mage\Core\Controller\Varien\Action.php(418): Mage_Cms_IndexController->indexAction()
#11 D:\newxampp\htdocs\galayomarket\app\code\core\Mage\Core\Controller\Varien\Router\Standard.php(250): Mage_Core_Controller_Varien_Action->dispatch('index')
#12 D:\newxampp\htdocs\galayomarket\app\code\core\Mage\Core\Controller\Varien\Front.php(172): Mage_Core_Controller_Varien_Router_Standard->match(Object(Mage_Core_Controller_Request_Http))
#13 D:\newxampp\htdocs\galayomarket\app\code\core\Mage\Core\Model\App.php(354): Mage_Core_Controller_Varien_Front->dispatch()
#14 D:\newxampp\htdocs\galayomarket\app\Mage.php(684): Mage_Core_Model_App->run(Array)
#15 D:\newxampp\htdocs\galayomarket\index.php(87): Mage::run('', 'store')
#16 {main}
2015-08-21T04:26:31+00:00 ERR (3): 
exception 'Mage_Core_Exception' with message 'Invalid block type: Mage_Megamenupro_Block_Megamenupro' in D:\newxampp\htdocs\galayomarket\app\Mage.php:595
Stack trace:
#0 D:\newxampp\htdocs\galayomarket\app\code\core\Mage\Core\Model\Layout.php(495): Mage::throwException('Invalid block t...')
#1 D:\newxampp\htdocs\galayomarket\app\code\core\Mage\Core\Model\Layout.php(437): Mage_Core_Model_Layout->_getBlockInstance('megamenupro/meg...', Array)
#2 D:\newxampp\htdocs\galayomarket\app\code\core\Mage\Core\Model\Layout.php(472): Mage_Core_Model_Layout->createBlock('megamenupro/meg...', 'f85079af84623e2...')
#3 D:\newxampp\htdocs\galayomarket\app\code\core\Mage\Core\Model\Layout.php(239): Mage_Core_Model_Layout->addBlock('megamenupro/meg...', 'f85079af84623e2...')
#4 D:\newxampp\htdocs\galayomarket\app\code\core\Mage\Core\Model\Layout.php(205): Mage_Core_Model_Layout->_generateBlock(Object(Mage_Core_Model_Layout_Element), Object(Mage_Core_Model_Layout_Element))
#5 D:\newxampp\htdocs\galayomarket\app\code\core\Mage\Core\Model\Layout.php(210): Mage_Core_Model_Layout->generateBlocks(Object(Mage_Core_Model_Layout_Element))
#6 D:\newxampp\htdocs\galayomarket\app\code\core\Mage\Core\Controller\Varien\Action.php(344): Mage_Core_Model_Layout->generateBlocks()
#7 D:\newxampp\htdocs\galayomarket\app\code\core\Mage\Cms\Helper\Page.php(113): Mage_Core_Controller_Varien_Action->generateLayoutBlocks()
#8 D:\newxampp\htdocs\galayomarket\app\code\core\Mage\Cms\Helper\Page.php(52): Mage_Cms_Helper_Page->_renderPage(Object(Mage_Cms_IndexController), 'galayomarket_ho...')
#9 D:\newxampp\htdocs\galayomarket\app\code\core\Mage\Cms\controllers\IndexController.php(45): Mage_Cms_Helper_Page->renderPage(Object(Mage_Cms_IndexController), 'galayomarket_ho...')
#10 D:\newxampp\htdocs\galayomarket\app\code\core\Mage\Core\Controller\Varien\Action.php(418): Mage_Cms_IndexController->indexAction()
#11 D:\newxampp\htdocs\galayomarket\app\code\core\Mage\Core\Controller\Varien\Router\Standard.php(250): Mage_Core_Controller_Varien_Action->dispatch('index')
#12 D:\newxampp\htdocs\galayomarket\app\code\core\Mage\Core\Controller\Varien\Front.php(172): Mage_Core_Controller_Varien_Router_Standard->match(Object(Mage_Core_Controller_Request_Http))
#13 D:\newxampp\htdocs\galayomarket\app\code\core\Mage\Core\Model\App.php(354): Mage_Core_Controller_Varien_Front->dispatch()
#14 D:\newxampp\htdocs\galayomarket\app\Mage.php(684): Mage_Core_Model_App->run(Array)
#15 D:\newxampp\htdocs\galayomarket\index.php(87): Mage::run('', 'store')
#16 {main}
2015-08-21T04:29:05+00:00 ERR (3): 
exception 'Mage_Core_Exception' with message 'Invalid block type: Mage_Megamenupro_Block_Megamenupro' in D:\newxampp\htdocs\galayomarket\app\Mage.php:595
Stack trace:
#0 D:\newxampp\htdocs\galayomarket\app\code\core\Mage\Core\Model\Layout.php(495): Mage::throwException('Invalid block t...')
#1 D:\newxampp\htdocs\galayomarket\app\code\core\Mage\Core\Model\Layout.php(437): Mage_Core_Model_Layout->_getBlockInstance('megamenupro/meg...', Array)
#2 D:\newxampp\htdocs\galayomarket\app\code\core\Mage\Core\Model\Layout.php(472): Mage_Core_Model_Layout->createBlock('megamenupro/meg...', 'f85079af84623e2...')
#3 D:\newxampp\htdocs\galayomarket\app\code\core\Mage\Core\Model\Layout.php(239): Mage_Core_Model_Layout->addBlock('megamenupro/meg...', 'f85079af84623e2...')
#4 D:\newxampp\htdocs\galayomarket\app\code\core\Mage\Core\Model\Layout.php(205): Mage_Core_Model_Layout->_generateBlock(Object(Mage_Core_Model_Layout_Element), Object(Mage_Core_Model_Layout_Element))
#5 D:\newxampp\htdocs\galayomarket\app\code\core\Mage\Core\Model\Layout.php(210): Mage_Core_Model_Layout->generateBlocks(Object(Mage_Core_Model_Layout_Element))
#6 D:\newxampp\htdocs\galayomarket\app\code\core\Mage\Core\Controller\Varien\Action.php(344): Mage_Core_Model_Layout->generateBlocks()
#7 D:\newxampp\htdocs\galayomarket\app\code\core\Mage\Core\Controller\Varien\Action.php(269): Mage_Core_Controller_Varien_Action->generateLayoutBlocks()
#8 D:\newxampp\htdocs\galayomarket\app\code\core\Mage\Checkout\controllers\CartController.php(177): Mage_Core_Controller_Varien_Action->loadLayout()
#9 D:\newxampp\htdocs\galayomarket\app\code\core\Mage\Core\Controller\Varien\Action.php(418): Mage_Checkout_CartController->indexAction()
#10 D:\newxampp\htdocs\galayomarket\app\code\core\Mage\Core\Controller\Varien\Router\Standard.php(250): Mage_Core_Controller_Varien_Action->dispatch('index')
#11 D:\newxampp\htdocs\galayomarket\app\code\core\Mage\Core\Controller\Varien\Front.php(172): Mage_Core_Controller_Varien_Router_Standard->match(Object(Mage_Core_Controller_Request_Http))
#12 D:\newxampp\htdocs\galayomarket\app\code\core\Mage\Core\Model\App.php(354): Mage_Core_Controller_Varien_Front->dispatch()
#13 D:\newxampp\htdocs\galayomarket\app\Mage.php(684): Mage_Core_Model_App->run(Array)
#14 D:\newxampp\htdocs\galayomarket\index.php(87): Mage::run('', 'store')
#15 {main}
2015-08-21T04:29:13+00:00 ERR (3): 
exception 'Mage_Core_Exception' with message 'Invalid block type: Mage_Megamenupro_Block_Megamenupro' in D:\newxampp\htdocs\galayomarket\app\Mage.php:595
Stack trace:
#0 D:\newxampp\htdocs\galayomarket\app\code\core\Mage\Core\Model\Layout.php(495): Mage::throwException('Invalid block t...')
#1 D:\newxampp\htdocs\galayomarket\app\code\core\Mage\Core\Model\Layout.php(437): Mage_Core_Model_Layout->_getBlockInstance('megamenupro/meg...', Array)
#2 D:\newxampp\htdocs\galayomarket\app\code\core\Mage\Core\Model\Layout.php(472): Mage_Core_Model_Layout->createBlock('megamenupro/meg...', 'f85079af84623e2...')
#3 D:\newxampp\htdocs\galayomarket\app\code\core\Mage\Core\Model\Layout.php(239): Mage_Core_Model_Layout->addBlock('megamenupro/meg...', 'f85079af84623e2...')
#4 D:\newxampp\htdocs\galayomarket\app\code\core\Mage\Core\Model\Layout.php(205): Mage_Core_Model_Layout->_generateBlock(Object(Mage_Core_Model_Layout_Element), Object(Mage_Core_Model_Layout_Element))
#5 D:\newxampp\htdocs\galayomarket\app\code\core\Mage\Core\Model\Layout.php(210): Mage_Core_Model_Layout->generateBlocks(Object(Mage_Core_Model_Layout_Element))
#6 D:\newxampp\htdocs\galayomarket\app\code\core\Mage\Core\Controller\Varien\Action.php(344): Mage_Core_Model_Layout->generateBlocks()
#7 D:\newxampp\htdocs\galayomarket\app\code\core\Mage\Cms\Helper\Page.php(113): Mage_Core_Controller_Varien_Action->generateLayoutBlocks()
#8 D:\newxampp\htdocs\galayomarket\app\code\core\Mage\Cms\Helper\Page.php(52): Mage_Cms_Helper_Page->_renderPage(Object(Mage_Cms_IndexController), 'galayomarket_ho...')
#9 D:\newxampp\htdocs\galayomarket\app\code\core\Mage\Cms\controllers\IndexController.php(45): Mage_Cms_Helper_Page->renderPage(Object(Mage_Cms_IndexController), 'galayomarket_ho...')
#10 D:\newxampp\htdocs\galayomarket\app\code\core\Mage\Core\Controller\Varien\Action.php(418): Mage_Cms_IndexController->indexAction()
#11 D:\newxampp\htdocs\galayomarket\app\code\core\Mage\Core\Controller\Varien\Router\Standard.php(250): Mage_Core_Controller_Varien_Action->dispatch('index')
#12 D:\newxampp\htdocs\galayomarket\app\code\core\Mage\Core\Controller\Varien\Front.php(172): Mage_Core_Controller_Varien_Router_Standard->match(Object(Mage_Core_Controller_Request_Http))
#13 D:\newxampp\htdocs\galayomarket\app\code\core\Mage\Core\Model\App.php(354): Mage_Core_Controller_Varien_Front->dispatch()
#14 D:\newxampp\htdocs\galayomarket\app\Mage.php(684): Mage_Core_Model_App->run(Array)
#15 D:\newxampp\htdocs\galayomarket\index.php(87): Mage::run('', 'store')
#16 {main}
2015-08-21T06:08:49+00:00 ERR (3): 
exception 'Mage_Core_Exception' with message 'Invalid block type: Mage_Megamenupro_Block_Megamenupro' in D:\newxampp\htdocs\galayomarket\app\Mage.php:595
Stack trace:
#0 D:\newxampp\htdocs\galayomarket\app\code\core\Mage\Core\Model\Layout.php(495): Mage::throwException('Invalid block t...')
#1 D:\newxampp\htdocs\galayomarket\app\code\core\Mage\Core\Model\Layout.php(437): Mage_Core_Model_Layout->_getBlockInstance('megamenupro/meg...', Array)
#2 D:\newxampp\htdocs\galayomarket\app\code\core\Mage\Core\Model\Layout.php(472): Mage_Core_Model_Layout->createBlock('megamenupro/meg...', 'f85079af84623e2...')
#3 D:\newxampp\htdocs\galayomarket\app\code\core\Mage\Core\Model\Layout.php(239): Mage_Core_Model_Layout->addBlock('megamenupro/meg...', 'f85079af84623e2...')
#4 D:\newxampp\htdocs\galayomarket\app\code\core\Mage\Core\Model\Layout.php(205): Mage_Core_Model_Layout->_generateBlock(Object(Mage_Core_Model_Layout_Element), Object(Mage_Core_Model_Layout_Element))
#5 D:\newxampp\htdocs\galayomarket\app\code\core\Mage\Core\Model\Layout.php(210): Mage_Core_Model_Layout->generateBlocks(Object(Mage_Core_Model_Layout_Element))
#6 D:\newxampp\htdocs\galayomarket\app\code\core\Mage\Core\Controller\Varien\Action.php(344): Mage_Core_Model_Layout->generateBlocks()
#7 D:\newxampp\htdocs\galayomarket\app\code\core\Mage\Cms\Helper\Page.php(113): Mage_Core_Controller_Varien_Action->generateLayoutBlocks()
#8 D:\newxampp\htdocs\galayomarket\app\code\core\Mage\Cms\Helper\Page.php(52): Mage_Cms_Helper_Page->_renderPage(Object(Mage_Cms_IndexController), 'galayomarket_ho...')
#9 D:\newxampp\htdocs\galayomarket\app\code\core\Mage\Cms\controllers\IndexController.php(45): Mage_Cms_Helper_Page->renderPage(Object(Mage_Cms_IndexController), 'galayomarket_ho...')
#10 D:\newxampp\htdocs\galayomarket\app\code\core\Mage\Core\Controller\Varien\Action.php(418): Mage_Cms_IndexController->indexAction()
#11 D:\newxampp\htdocs\galayomarket\app\code\core\Mage\Core\Controller\Varien\Router\Standard.php(250): Mage_Core_Controller_Varien_Action->dispatch('index')
#12 D:\newxampp\htdocs\galayomarket\app\code\core\Mage\Core\Controller\Varien\Front.php(172): Mage_Core_Controller_Varien_Router_Standard->match(Object(Mage_Core_Controller_Request_Http))
#13 D:\newxampp\htdocs\galayomarket\app\code\core\Mage\Core\Model\App.php(354): Mage_Core_Controller_Varien_Front->dispatch()
#14 D:\newxampp\htdocs\galayomarket\app\Mage.php(684): Mage_Core_Model_App->run(Array)
#15 D:\newxampp\htdocs\galayomarket\index.php(87): Mage::run('', 'store')
#16 {main}
2015-08-21T06:23:21+00:00 ERR (3): 
exception 'Mage_Core_Exception' with message 'Invalid block type: Mage_Megamenupro_Block_Megamenupro' in D:\newxampp\htdocs\galayomarket\app\Mage.php:595
Stack trace:
#0 D:\newxampp\htdocs\galayomarket\app\code\core\Mage\Core\Model\Layout.php(495): Mage::throwException('Invalid block t...')
#1 D:\newxampp\htdocs\galayomarket\app\code\core\Mage\Core\Model\Layout.php(437): Mage_Core_Model_Layout->_getBlockInstance('megamenupro/meg...', Array)
#2 D:\newxampp\htdocs\galayomarket\app\code\core\Mage\Core\Model\Layout.php(472): Mage_Core_Model_Layout->createBlock('megamenupro/meg...', 'f85079af84623e2...')
#3 D:\newxampp\htdocs\galayomarket\app\code\core\Mage\Core\Model\Layout.php(239): Mage_Core_Model_Layout->addBlock('megamenupro/meg...', 'f85079af84623e2...')
#4 D:\newxampp\htdocs\galayomarket\app\code\core\Mage\Core\Model\Layout.php(205): Mage_Core_Model_Layout->_generateBlock(Object(Mage_Core_Model_Layout_Element), Object(Mage_Core_Model_Layout_Element))
#5 D:\newxampp\htdocs\galayomarket\app\code\core\Mage\Core\Model\Layout.php(210): Mage_Core_Model_Layout->generateBlocks(Object(Mage_Core_Model_Layout_Element))
#6 D:\newxampp\htdocs\galayomarket\app\code\core\Mage\Core\Controller\Varien\Action.php(344): Mage_Core_Model_Layout->generateBlocks()
#7 D:\newxampp\htdocs\galayomarket\app\code\core\Mage\Cms\Helper\Page.php(113): Mage_Core_Controller_Varien_Action->generateLayoutBlocks()
#8 D:\newxampp\htdocs\galayomarket\app\code\core\Mage\Cms\Helper\Page.php(52): Mage_Cms_Helper_Page->_renderPage(Object(Mage_Cms_IndexController), 'galayomarket_ho...')
#9 D:\newxampp\htdocs\galayomarket\app\code\core\Mage\Cms\controllers\IndexController.php(45): Mage_Cms_Helper_Page->renderPage(Object(Mage_Cms_IndexController), 'galayomarket_ho...')
#10 D:\newxampp\htdocs\galayomarket\app\code\core\Mage\Core\Controller\Varien\Action.php(418): Mage_Cms_IndexController->indexAction()
#11 D:\newxampp\htdocs\galayomarket\app\code\core\Mage\Core\Controller\Varien\Router\Standard.php(250): Mage_Core_Controller_Varien_Action->dispatch('index')
#12 D:\newxampp\htdocs\galayomarket\app\code\core\Mage\Core\Controller\Varien\Front.php(172): Mage_Core_Controller_Varien_Router_Standard->match(Object(Mage_Core_Controller_Request_Http))
#13 D:\newxampp\htdocs\galayomarket\app\code\core\Mage\Core\Model\App.php(354): Mage_Core_Controller_Varien_Front->dispatch()
#14 D:\newxampp\htdocs\galayomarket\app\Mage.php(684): Mage_Core_Model_App->run(Array)
#15 D:\newxampp\htdocs\galayomarket\index.php(87): Mage::run('', 'store')
#16 {main}
